<?xml version="1.0" encoding="UTF-8"?>
<!-- Generated by org.testng.reporters.JUnitReportReporter -->
<testsuite skipped="0" hostname="LHTU05CG8335X92" name="com.ixigo.qa.testcases.SearchFlightTestCases" tests="1" failures="0" timestamp="2022-10-03T21:32:20 IST" time="93.023" errors="0">
  <testcase name="getTop20Flights" time="93.023" classname="com.ixigo.qa.testcases.SearchFlightTestCases"/>
  <system-out/>
</testsuite> <!-- com.ixigo.qa.testcases.SearchFlightTestCases -->
