<?xml version="1.0" encoding="UTF-8"?>
<!-- Generated by org.testng.reporters.JUnitReportReporter -->
<testsuite skipped="0" hostname="LHTU05CG8335X92" name="com.crm.qa.testcases.SearchFlightTestCases" tests="1" failures="0" timestamp="2022-09-30T22:04:14 IST" time="20.987" errors="0">
  <testcase name="testMethod" time="20.987" classname="com.crm.qa.testcases.SearchFlightTestCases"/>
  <system-out/>
</testsuite> <!-- com.crm.qa.testcases.SearchFlightTestCases -->
